/root/anaconda3/envs/transformers/lib/python3.7/site-packages/torch/nn/modules/rnn.py:50: UserWarning: dropout option adds dropout after all but last recurrent layer, so non-zero dropout expects num_layers greater than 1, but got dropout=0.5 and num_layers=1
  "num_layers={}".format(dropout, num_layers))
2020-11-19 06:52:58.416 | INFO     | __main__:BertTrain:88 - Batch 432 | Sentence Loss 97.16880798339844 | Word Loss 6.477921485900879
2020-11-19 07:00:27.709 | INFO     | __main__:BertTrain:88 - Batch 865 | Sentence Loss 126.17573547363281 | Word Loss 7.210041522979736
2020-11-19 07:07:58.514 | INFO     | __main__:BertTrain:88 - Batch 1298 | Sentence Loss 82.05908203125 | Word Loss 6.564727306365967
2020-11-19 07:15:28.442 | INFO     | __main__:BertTrain:88 - Batch 1731 | Sentence Loss 104.91665649414062 | Word Loss 6.358585357666016
2020-11-19 07:23:04.842 | INFO     | __main__:BertTrain:88 - Batch 2164 | Sentence Loss 121.60064697265625 | Word Loss 7.152979373931885
2020-11-19 07:30:36.844 | INFO     | __main__:BertTrain:88 - Batch 2597 | Sentence Loss 78.15967559814453 | Word Loss 5.582834720611572
2020-11-19 07:38:13.777 | INFO     | __main__:BertTrain:88 - Batch 3030 | Sentence Loss 71.16312408447266 | Word Loss 5.930261135101318
2020-11-19 07:45:46.145 | INFO     | __main__:BertTrain:88 - Batch 3463 | Sentence Loss 146.29342651367188 | Word Loss 7.502227783203125
2020-11-19 07:53:14.899 | INFO     | __main__:BertTrain:88 - Batch 3896 | Sentence Loss 93.56892395019531 | Word Loss 6.2379279136657715
2020-11-19 08:00:43.119 | INFO     | __main__:BertTrain:88 - Batch 4329 | Sentence Loss 115.59504699707031 | Word Loss 6.4219465255737305
2020-11-19 08:00:52.961 | INFO     | __main__:BertEval:130 - Bacth 28 | Sentence Loss: 111.45402526855469 | Word Loss: 6.556119441986084 | Bleu Score: 0.24880010333897584 | Target: ['who', 'is', 'the', 'uk', "'", 's', 'largest', 'digital', 'subscription', 'television', 'company', '?'] | Prediction: ['what', 'was', 'the', 'of', 'the', 'the', 'of', 'of', 'the', '?']
2020-11-19 08:00:58.512 | INFO     | __main__:BertEval:130 - Bacth 57 | Sentence Loss: 141.04525756835938 | Word Loss: 6.716440677642822 | Bleu Score: 0.1706564256522297 | Target: ['what', 'is', 'an', 'example', 'of', 'a', 'measurement', 'within', 'a', 'complexity', 'class', 'that', 'would', 'create', 'a', 'bigger', 'set', 'of', 'problems', 'if', 'the', 'bounds', 'were', 'relaxed', '?'] | Prediction: ['what', 'was', 'the', 'did', 'of', 'the', 'of', 'of', '?']
2020-11-19 08:01:04.063 | INFO     | __main__:BertEval:130 - Bacth 86 | Sentence Loss: 99.65577697753906 | Word Loss: 6.039742946624756 | Bleu Score: 0.2775714638960268 | Target: ['what', 'year', 'did', 'r', '##og', '##er', 'de', 'to', '##s', '##ny', 'fail', 'to', 'accomplish', 'what', 'he', 'set', 'out', 'to', 'do', '?'] | Prediction: ['what', 'was', 'the', 'the', 'of', 'of', 'of', 'the', '?']
2020-11-19 08:01:09.607 | INFO     | __main__:BertEval:130 - Bacth 115 | Sentence Loss: 67.0245132446289 | Word Loss: 6.3832879066467285 | Bleu Score: 0.3810303658364453 | Target: ['where', 'were', 'the', 'la', '##mb', '##ing', 'flat', 'riots', '?'] | Prediction: ['what', 'was', 'the', 'of', 'the', 'of', 'the', 'of', 'of', 'the']
2020-11-19 08:01:15.158 | INFO     | __main__:BertEval:130 - Bacth 144 | Sentence Loss: 121.23220825195312 | Word Loss: 6.21703577041626 | Bleu Score: 0.22841446655489184 | Target: ['what', 'is', 'the', 'second', 'busiest', 'container', 'port', 'in', 'the', 'united', 'states', '?'] | Prediction: ['what', 'was', 'the', 'did', 'of', 'the', 'of', 'the', 'the']
2020-11-19 08:01:20.706 | INFO     | __main__:BertEval:130 - Bacth 173 | Sentence Loss: 130.65025329589844 | Word Loss: 6.876328945159912 | Bleu Score: 0.1989861003162352 | Target: ['what', 'did', 'ale', '##c', 'she', '##l', '##brook', '##e', 'propose', 'payments', 'of', 'benefits', 'to', 'be', 'made', 'on', '?'] | Prediction: ['what', 'was', 'the', 'did', 'the', 'of', 'the', 'of', 'the']
2020-11-19 08:01:26.264 | INFO     | __main__:BertEval:130 - Bacth 202 | Sentence Loss: 92.13348388671875 | Word Loss: 6.142233371734619 | Bleu Score: 0.3194513214481435 | Target: ['what', 'encoding', 'decision', 'needs', 'to', 'be', 'made', 'in', 'order', 'to', 'determine', 'an', 'exact', 'definition', 'of', 'the', 'formal', 'language', '?'] | Prediction: ['what', 'was', 'the', 'of', 'the', 'the', 'of', 'the', 'the', '?']
2020-11-19 08:01:31.816 | INFO     | __main__:BertEval:130 - Bacth 231 | Sentence Loss: 126.10405731201172 | Word Loss: 6.466875076293945 | Bleu Score: 0.16990145540506038 | Target: ['what', 'is', 'the', 'lowest', 'ranking', 'one', 'of', 'the', 'counties', 'could', 'have', 'in', 'terms', 'of', 'most', 'populous', 'counties', 'in', 'the', 'united', 'states', '?'] | Prediction: ['what', 'was', 'the', 'did', 'of', 'of', 'the', 'of', 'of']
2020-11-19 08:01:37.367 | INFO     | __main__:BertEval:130 - Bacth 260 | Sentence Loss: 114.26539611816406 | Word Loss: 7.14158821105957 | Bleu Score: 0.09132060529849878 | Target: ['though', 'un', '##ko', '##wn', ',', 'what', 'are', 'the', 'most', 'commonly', 'as', '##cribed', 'attributes', 'of', 'l', 'in', 'relation', 'to', 'p'] | Prediction: ['what', 'was', 'the', 'of', 'of', 'the', 'the', 'of', 'of', 'the']
2020-11-19 08:01:42.920 | INFO     | __main__:BertEval:130 - Bacth 289 | Sentence Loss: 176.32614135742188 | Word Loss: 7.346922397613525 | Bleu Score: 0.10920285716812236 | Target: ['what', 'is', 'the', 'term', 'for', 'a', 'task', 'that', 'generally', 'lend', '##s', 'itself', 'to', 'being', 'solved', 'by', 'a', 'computer', '?'] | Prediction: ['what', 'was', 'the', 'did', 'the', 'of', 'the', 'of', 'of']
2020-11-19 08:01:47.904 | INFO     | __main__:<module>:204 - Epoch: 0 completed | Time: 4586.949122667313
2020-11-19 08:01:47.905 | INFO     | __main__:<module>:205 - Train Loss: 6.304112115102151 | Train PPL: 546.8158630360826
2020-11-19 08:01:47.905 | INFO     | __main__:<module>:206 - Val Loss: 6.709969825035817 | Val PPL: 820.5458791345457
2020-11-19 08:09:18.955 | INFO     | __main__:BertTrain:88 - Batch 432 | Sentence Loss 126.20240020751953 | Word Loss 7.01124382019043
2020-11-19 08:16:52.176 | INFO     | __main__:BertTrain:88 - Batch 865 | Sentence Loss 94.32160186767578 | Word Loss 5.895100116729736
2020-11-19 08:24:23.210 | INFO     | __main__:BertTrain:88 - Batch 1298 | Sentence Loss 106.3411636352539 | Word Loss 6.646322727203369
2020-11-19 08:31:52.353 | INFO     | __main__:BertTrain:88 - Batch 1731 | Sentence Loss 115.96414184570312 | Word Loss 6.626522541046143
2020-11-19 08:39:22.785 | INFO     | __main__:BertTrain:88 - Batch 2164 | Sentence Loss 73.89869689941406 | Word Loss 5.911895751953125
2020-11-19 08:46:51.798 | INFO     | __main__:BertTrain:88 - Batch 2597 | Sentence Loss 68.00428771972656 | Word Loss 5.913416385650635
2020-11-19 08:54:26.768 | INFO     | __main__:BertTrain:88 - Batch 3030 | Sentence Loss 122.06317138671875 | Word Loss 6.781286716461182
2020-11-19 09:02:01.540 | INFO     | __main__:BertTrain:88 - Batch 3463 | Sentence Loss 84.51600646972656 | Word Loss 5.634400367736816
2020-11-19 09:09:33.197 | INFO     | __main__:BertTrain:88 - Batch 3896 | Sentence Loss 70.65812683105469 | Word Loss 6.1441850662231445
2020-11-19 09:17:04.815 | INFO     | __main__:BertTrain:88 - Batch 4329 | Sentence Loss 52.52489471435547 | Word Loss 5.002371311187744
2020-11-19 09:17:14.457 | INFO     | __main__:BertEval:130 - Bacth 28 | Sentence Loss: 124.53172302246094 | Word Loss: 7.547377109527588 | Bleu Score: 0.21930022620450124 | Target: ['who', 'was', 'robe', '##rt', "'", 's', 'son', '?'] | Prediction: ['what', 'did', 'the', 'did', 'the', 'the', '##op', '##in', '?']
2020-11-19 09:17:19.999 | INFO     | __main__:BertEval:130 - Bacth 57 | Sentence Loss: 64.44249725341797 | Word Loss: 5.603695869445801 | Bleu Score: 0.13702573585475092 | Target: ['who', 'is', 'video', '##guard', 'owned', 'by', '?'] | Prediction: ['what', 'did', 'the', '##op', 'of', 'the']
2020-11-19 09:17:25.567 | INFO     | __main__:BertEval:130 - Bacth 86 | Sentence Loss: 97.23919677734375 | Word Loss: 6.273495674133301 | Bleu Score: 0.2354574696372898 | Target: ['the', 'reasons', 'for', 'the', 'las', 'two', 'counties', 'to', 'be', 'added', 'are', 'based', 'on', 'what', '?'] | Prediction: ['what', 'did', 'the', '##op', 'of', 'the']
2020-11-19 09:17:31.118 | INFO     | __main__:BertEval:130 - Bacth 115 | Sentence Loss: 77.23251342773438 | Word Loss: 5.9409637451171875 | Bleu Score: 0.3358126120249154 | Target: ['in', 'what', 'country', 'is', 'norm', '##and', '##y', 'located', '?'] | Prediction: ['what', 'did', 'did', 'the', 'the', 'the', 'of']
2020-11-19 09:17:36.682 | INFO     | __main__:BertEval:130 - Bacth 144 | Sentence Loss: 115.20591735839844 | Word Loss: 7.200370788574219 | Bleu Score: 0.11446416877161979 | Target: ['other', 'than', 'l', '.', 'a', '.', 'which', 'other', 'county', 'do', 'many', 'people', 'com', '##mu', '##te', 'to', '?'] | Prediction: ['what', 'did', 'the', 'the', 'the', 'the']
2020-11-19 09:17:42.241 | INFO     | __main__:BertEval:130 - Bacth 173 | Sentence Loss: 66.80485534667969 | Word Loss: 5.1388349533081055 | Bleu Score: 0.38305356131384394 | Target: ['what', 'magnitude', 'was', 'the', '1994', 'north', '##ridge', 'earthquake', '?'] | Prediction: ['what', 'did', 'the', 'the', '##op', '##in', '?']
2020-11-19 09:17:47.803 | INFO     | __main__:BertEval:130 - Bacth 202 | Sentence Loss: 109.3896255493164 | Word Loss: 6.836851119995117 | Bleu Score: 0.16989412948034377 | Target: ['what', 'did', 'ale', '##c', 'she', '##l', '##brook', '##e', 'propose', 'payments', 'of', 'benefits', 'to', 'be', 'made', 'on', '?'] | Prediction: ['what', 'did', 'the', '##op', 'of', 'the']
2020-11-19 09:17:53.354 | INFO     | __main__:BertEval:130 - Bacth 231 | Sentence Loss: 85.9943618774414 | Word Loss: 7.166197299957275 | Bleu Score: 0.4206359922695576 | Target: ['the', 'mountain', 'ranges', 'tail', 'off', 'into', 'what', 'kind', 'of', 'geographical', 'formation', '?'] | Prediction: ['what', 'did', 'the', '##op', 'of', 'the', '?']
2020-11-19 09:17:58.901 | INFO     | __main__:BertEval:130 - Bacth 260 | Sentence Loss: 109.6040267944336 | Word Loss: 6.8502516746521 | Bleu Score: 0.16081458305305432 | Target: ['each', 'of', 'the', 'extended', 'metropolitan', 'areas', 'has', 'a', 'population', 'that', 'exceeds', 'what', 'number', '?'] | Prediction: ['what', 'did', 'the', '##op', 'of', 'the']
2020-11-19 09:18:04.448 | INFO     | __main__:BertEval:130 - Bacth 289 | Sentence Loss: 85.94241333007812 | Word Loss: 5.729494094848633 | Bleu Score: 0.2673158600433928 | Target: ['what', 'are', 'the', 'two', 'integer', 'responses', 'to', 'a', 'decision', 'problem', '?'] | Prediction: ['what', 'did', 'the', '##op', '##in', 'the']
2020-11-19 09:18:09.030 | INFO     | __main__:<module>:204 - Epoch: 1 completed | Time: 4581.1251385211945
2020-11-19 09:18:09.031 | INFO     | __main__:<module>:205 - Train Loss: 6.067020690545653 | Train PPL: 431.3935103219971
2020-11-19 09:18:09.031 | INFO     | __main__:<module>:206 - Val Loss: 6.788119578683698 | Val PPL: 887.2436004282099
2020-11-19 09:25:44.035 | INFO     | __main__:BertTrain:88 - Batch 432 | Sentence Loss 70.69232177734375 | Word Loss 5.43787145614624
2020-11-19 09:33:13.399 | INFO     | __main__:BertTrain:88 - Batch 865 | Sentence Loss 65.64412689208984 | Word Loss 6.564412593841553
2020-11-19 09:40:44.026 | INFO     | __main__:BertTrain:88 - Batch 1298 | Sentence Loss 97.94866943359375 | Word Loss 5.936282634735107
2020-11-19 09:48:13.975 | INFO     | __main__:BertTrain:88 - Batch 1731 | Sentence Loss 110.32437896728516 | Word Loss 6.489669322967529
2020-11-19 09:55:46.847 | INFO     | __main__:BertTrain:88 - Batch 2164 | Sentence Loss 73.11931610107422 | Word Loss 5.849545478820801
2020-11-19 10:03:20.304 | INFO     | __main__:BertTrain:88 - Batch 2597 | Sentence Loss 74.45460510253906 | Word Loss 5.318186283111572
2020-11-19 10:10:50.629 | INFO     | __main__:BertTrain:88 - Batch 3030 | Sentence Loss 72.91429901123047 | Word Loss 6.340373992919922
2020-11-19 10:18:22.670 | INFO     | __main__:BertTrain:88 - Batch 3463 | Sentence Loss 90.09750366210938 | Word Loss 6.213621139526367
2020-11-19 10:25:53.641 | INFO     | __main__:BertTrain:88 - Batch 3896 | Sentence Loss 106.46920013427734 | Word Loss 6.452678203582764
2020-11-19 10:33:26.304 | INFO     | __main__:BertTrain:88 - Batch 4329 | Sentence Loss 45.91460037231445 | Word Loss 5.101621627807617
2020-11-19 10:33:36.036 | INFO     | __main__:BertEval:130 - Bacth 28 | Sentence Loss: 169.84945678710938 | Word Loss: 7.54886531829834 | Bleu Score: 0.08807311815277005 | Target: ['what', 'are', 'los', 'angel', '##es', ',', 'orange', ',', 'sa', '##n', 'die', '##go', ',', 'sa', '##n', 'be', '##rna', '##rdi', '##no', 'and', 'rivers', '##ide', '?'] | Prediction: ['what', 'is', 'the', 'the', 'the', 'the', 'the']
2020-11-19 10:33:41.576 | INFO     | __main__:BertEval:130 - Bacth 57 | Sentence Loss: 111.73627471923828 | Word Loss: 7.208791255950928 | Bleu Score: 0.2924739630831762 | Target: ['what', 'additional', 's', '##re', '##vice', 'did', 'b', '##sky', '##b', 'offer', 'besides', 'video', 'on', 'demand', 'that', 'they', 'claimed', 'offered', '"', 'substantially', 'more', 'value', '"', '?'] | Prediction: ['what', 'is', 'the', 'the', 'the', 'the', 'the', '?', '?']
2020-11-19 10:33:47.109 | INFO     | __main__:BertEval:130 - Bacth 86 | Sentence Loss: 120.64407348632812 | Word Loss: 6.521301746368408 | Bleu Score: 0.14769322908929758 | Target: ['what', 'is', 'the', 'proprietary', 'system', 'that', 'sky', '+', 'h', '##d', 'uses', '?'] | Prediction: ['what', 'is', 'the', 'the', 'the', 'the', 'the']
2020-11-19 10:33:52.650 | INFO     | __main__:BertEval:130 - Bacth 115 | Sentence Loss: 103.35147094726562 | Word Loss: 6.459466934204102 | Bleu Score: 0.2513550729673686 | Target: ['if', 'two', 'integers', 'are', 'multi', '##plied', 'and', 'output', 'a', 'value', ',', 'what', 'is', 'this', 'expression', 'set', 'called', '?'] | Prediction: ['what', 'is', 'the', 'the', 'the', 'the', 'the', '?', '?']
2020-11-19 10:33:58.180 | INFO     | __main__:BertEval:130 - Bacth 144 | Sentence Loss: 117.80606842041016 | Word Loss: 6.367894649505615 | Bleu Score: 0.14662790132942224 | Target: ['what', 'is', 'the', 'high', 'end', 'of', 'the', 'temperature', 'range', 'in', 'winter', '?'] | Prediction: ['what', 'is', 'the', 'the', 'the', 'the', 'the']
2020-11-19 10:34:03.730 | INFO     | __main__:BertEval:130 - Bacth 173 | Sentence Loss: 121.66508483886719 | Word Loss: 7.156769752502441 | Bleu Score: 0.1763201304141867 | Target: ['what', 'would', 'create', 'a', 'conflict', 'between', 'a', 'problem', 'x', 'and', 'problem', 'c', 'within', 'the', 'context', 'of', 'reduction', '?'] | Prediction: ['what', 'is', 'the', 'the', 'the', 'the', 'the']
2020-11-19 10:34:09.262 | INFO     | __main__:BertEval:130 - Bacth 202 | Sentence Loss: 81.59085845947266 | Word Loss: 6.799238204956055 | Bleu Score: 0.37557557960782195 | Target: ['what', 'channel', 'replaced', 'sky', 'travel', '?'] | Prediction: ['what', 'is', 'the', 'the', 'the', 'the', 'the']
2020-11-19 10:34:14.813 | INFO     | __main__:BertEval:130 - Bacth 231 | Sentence Loss: 64.84425354003906 | Word Loss: 5.187540054321289 | Bleu Score: 0.3305676977194798 | Target: ['what', 'is', 'the', 'low', 'end', 'of', 'the', 'temperature', 'range', 'in', 'summer', '?'] | Prediction: ['what', 'is', 'the', 'the', 'the', 'the', 'the']
2020-11-19 10:34:20.368 | INFO     | __main__:BertEval:130 - Bacth 260 | Sentence Loss: 128.37318420410156 | Word Loss: 7.131844520568848 | Bleu Score: 0.30590645502438985 | Target: ['the', 'two', 'a', '##aa', 'clubs', 'divided', 'the', 'state', 'into', 'a', 'northern', 'and', 'southern', 'ca', '##li', '##fo', '##rn', '##ia', 'as', 'opposed', 'to', 'what', 'point', 'of', 'view', '?'] | Prediction: ['what', 'what', 'of', 'the', 'the', 'the', 'the', '?', '?', '?', '?']
2020-11-19 10:34:25.918 | INFO     | __main__:BertEval:130 - Bacth 289 | Sentence Loss: 95.89179229736328 | Word Loss: 6.613226413726807 | Bleu Score: 0.32249573342379323 | Target: ['the', 'traveling', 'salesman', 'problem', 'is', 'an', 'example', 'of', 'what', 'type', 'of', 'problem', '?'] | Prediction: ['what', 'is', 'the', 'the', 'the', 'the', '?', '?', 'the', '?', '?']
2020-11-19 10:34:30.653 | INFO     | __main__:<module>:204 - Epoch: 2 completed | Time: 4581.6214056015015
2020-11-19 10:34:30.653 | INFO     | __main__:<module>:205 - Train Loss: 6.018037554081212 | Train PPL: 410.7716870075461
2020-11-19 10:34:30.653 | INFO     | __main__:<module>:206 - Val Loss: 6.682472884654999 | Val PPL: 798.2907541455338
2020-11-19 10:42:03.928 | INFO     | __main__:BertTrain:88 - Batch 432 | Sentence Loss 102.80716705322266 | Word Loss 5.272161483764648
2020-11-19 10:49:32.688 | INFO     | __main__:BertTrain:88 - Batch 865 | Sentence Loss 107.1488037109375 | Word Loss 6.9128265380859375
2020-11-19 10:57:02.482 | INFO     | __main__:BertTrain:88 - Batch 1298 | Sentence Loss 66.90866088867188 | Word Loss 5.81814432144165
2020-11-19 11:04:34.809 | INFO     | __main__:BertTrain:88 - Batch 1731 | Sentence Loss 83.52896118164062 | Word Loss 5.568597316741943
2020-11-19 11:12:04.952 | INFO     | __main__:BertTrain:88 - Batch 2164 | Sentence Loss 131.1551055908203 | Word Loss 6.3978095054626465
2020-11-19 11:19:37.256 | INFO     | __main__:BertTrain:88 - Batch 2597 | Sentence Loss 115.71983337402344 | Word Loss 6.090517520904541
2020-11-19 11:27:09.202 | INFO     | __main__:BertTrain:88 - Batch 3030 | Sentence Loss 86.30264282226562 | Word Loss 5.951906204223633
2020-11-19 11:34:39.171 | INFO     | __main__:BertTrain:88 - Batch 3463 | Sentence Loss 136.89956665039062 | Word Loss 6.844978332519531
2020-11-19 11:42:13.436 | INFO     | __main__:BertTrain:88 - Batch 3896 | Sentence Loss 89.38776397705078 | Word Loss 6.384841442108154
2020-11-19 11:49:44.626 | INFO     | __main__:BertTrain:88 - Batch 4329 | Sentence Loss 88.17665100097656 | Word Loss 5.878443241119385
2020-11-19 11:49:54.351 | INFO     | __main__:BertEval:130 - Bacth 28 | Sentence Loss: 134.263427734375 | Word Loss: 7.257482528686523 | Bleu Score: 0.24481393987863673 | Target: ['other', 'than', 'the', 'sa', '##n', 'die', '##go', 'metropolitan', 'area', ',', 'what', 'other', 'area', 'are', 'the', 'communities', 'along', 'interstate', '##s', '15', 'and', '215', 'connected', 'with', '?'] | Prediction: ['what', 'is', 'the', 'the', 'of', 'the']
2020-11-19 11:49:59.900 | INFO     | __main__:BertEval:130 - Bacth 57 | Sentence Loss: 105.7085189819336 | Word Loss: 6.606782913208008 | Bleu Score: 0.2202545215200541 | Target: ['when', 'were', 'the', 'norm', '##ans', 'in', 'norm', '##and', '##y', '?'] | Prediction: ['what', 'is', 'the', 'the', 'of']
2020-11-19 11:50:05.443 | INFO     | __main__:BertEval:130 - Bacth 86 | Sentence Loss: 141.00975036621094 | Word Loss: 7.050487518310547 | Bleu Score: 0.1422174911383309 | Target: ['what', 'is', 'the', 'term', 'for', 'a', 'task', 'that', 'generally', 'lend', '##s', 'itself', 'to', 'being', 'solved', 'by', 'a', 'computer', '?'] | Prediction: ['what', 'is', 'the', 'the', 'of', 'the', '?', '?', '?']
2020-11-19 11:50:11.001 | INFO     | __main__:BertEval:130 - Bacth 115 | Sentence Loss: 146.8451690673828 | Word Loss: 6.830008029937744 | Bleu Score: 0.1264850708014258 | Target: ['the', 'two', 'a', '##aa', 'clubs', 'divided', 'the', 'state', 'into', 'a', 'northern', 'and', 'southern', 'ca', '##li', '##fo', '##rn', '##ia', 'as', 'opposed', 'to', 'what', 'point', 'of', 'view', '?'] | Prediction: ['what', 'is', 'the', 'the', 'of', 'the']
2020-11-19 11:50:16.549 | INFO     | __main__:BertEval:130 - Bacth 144 | Sentence Loss: 108.28619384765625 | Word Loss: 6.562800407409668 | Bleu Score: 0.23614052413465994 | Target: ['how', 'is', 'the', 'time', 'needed', 'to', 'obtain', 'the', 'solution', 'to', 'a', 'problem', 'calculated', '?'] | Prediction: ['what', 'what', 'the', 'the', 'of', 'the', 'the', '?']
2020-11-19 11:50:22.095 | INFO     | __main__:BertEval:130 - Bacth 173 | Sentence Loss: 126.23908233642578 | Word Loss: 6.823735237121582 | Bleu Score: 0.29950976258029827 | Target: ['southern', 'ca', '##li', '##fo', '##rn', '##ia', "'", 's', 'economy', 'can', 'be', 'described', 'as', 'one', 'of', 'the', 'largest', 'in', 'the', 'united', 'states', 'and', 'what', 'other', 'characteristic', '?'] | Prediction: ['what', 'is', 'the', 'the', 'of', 'the', '?', 'the', '?', '?', '?']
2020-11-19 11:50:27.634 | INFO     | __main__:BertEval:130 - Bacth 202 | Sentence Loss: 106.518310546875 | Word Loss: 6.657394886016846 | Bleu Score: 0.24288322698284373 | Target: ['what', 'other', 'digital', 't', '##v', 'service', 'took', 'sky', 'uk', 'limited', "'", 's', 'most', 'popular', 'spot', '?'] | Prediction: ['what', 'is', 'the', 'the', 'of', 'the', '?', '?', '?']
2020-11-19 11:50:33.182 | INFO     | __main__:BertEval:130 - Bacth 231 | Sentence Loss: 131.3756103515625 | Word Loss: 7.29864501953125 | Bleu Score: 0.17350102013782637 | Target: ['what', 'is', 'the', 'name', 'given', 'to', 'the', 'input', 'string', 'of', 'a', 'computational', 'problem', '?'] | Prediction: ['what', 'is', 'the', 'the', 'of', 'the', 'the', '?']
2020-11-19 11:50:38.739 | INFO     | __main__:BertEval:130 - Bacth 260 | Sentence Loss: 191.2279815673828 | Word Loss: 7.6491193771362305 | Bleu Score: 0.06928014514071688 | Target: ['what', 'is', 'the', 'co', '##llo', '##qui', '##al', 'phrase', 'used', 'to', 'convey', 'the', 'con', '##tinuum', 'of', 'algorithms', 'with', 'unlimited', 'availability', 'i', '##rre', '##spective', 'of', 'time', '?'] | Prediction: ['what', 'is', 'the', 'the', 'of', '?']
2020-11-19 11:50:44.279 | INFO     | __main__:BertEval:130 - Bacth 289 | Sentence Loss: 118.84308624267578 | Word Loss: 6.990768909454346 | Bleu Score: 0.20455261630625357 | Target: ['what', 'is', 'unknown', 'about', 'the', 'complexity', 'classes', 'between', 'l', 'and', 'p', 'that', 'further', 'prevents', 'determining', 'the', 'value', 'relationship', 'between', 'l', 'and', 'p', '?'] | Prediction: ['what', 'is', 'the', 'the', 'the']
2020-11-19 11:50:48.932 | INFO     | __main__:<module>:204 - Epoch: 3 completed | Time: 4578.278389930725
2020-11-19 11:50:48.933 | INFO     | __main__:<module>:205 - Train Loss: 5.999418377876282 | Train PPL: 403.1942186046798
2020-11-19 11:50:48.933 | INFO     | __main__:<module>:206 - Val Loss: 6.7683475243078695 | Val PPL: 869.873261245879
2020-11-19 11:58:19.497 | INFO     | __main__:BertTrain:88 - Batch 432 | Sentence Loss 103.19395446777344 | Word Loss 6.657674312591553
2020-11-19 12:05:50.758 | INFO     | __main__:BertTrain:88 - Batch 865 | Sentence Loss 75.64029693603516 | Word Loss 6.577416896820068
2020-11-19 12:13:19.287 | INFO     | __main__:BertTrain:88 - Batch 1298 | Sentence Loss 98.58351135253906 | Word Loss 6.360226631164551
2020-11-19 12:20:50.426 | INFO     | __main__:BertTrain:88 - Batch 1731 | Sentence Loss 50.5854606628418 | Word Loss 5.05854606628418
2020-11-19 12:28:19.821 | INFO     | __main__:BertTrain:88 - Batch 2164 | Sentence Loss 72.80020141601562 | Word Loss 6.330452919006348
2020-11-19 12:35:52.865 | INFO     | __main__:BertTrain:88 - Batch 2597 | Sentence Loss 135.34307861328125 | Word Loss 6.602099895477295
2020-11-19 12:43:25.327 | INFO     | __main__:BertTrain:88 - Batch 3030 | Sentence Loss 96.98365783691406 | Word Loss 6.927403450012207
2020-11-19 12:50:55.770 | INFO     | __main__:BertTrain:88 - Batch 3463 | Sentence Loss 83.86471557617188 | Word Loss 5.990336894989014
2020-11-19 12:58:26.746 | INFO     | __main__:BertTrain:88 - Batch 3896 | Sentence Loss 121.20298767089844 | Word Loss 6.379105091094971
2020-11-19 13:05:54.477 | INFO     | __main__:BertTrain:88 - Batch 4329 | Sentence Loss 80.93484497070312 | Word Loss 5.2216033935546875
2020-11-19 13:06:05.049 | INFO     | __main__:BertEval:130 - Bacth 28 | Sentence Loss: 93.78450012207031 | Word Loss: 6.2522993087768555 | Bleu Score: 0.27723419929638554 | Target: ['what', 'other', 'digital', 't', '##v', 'service', 'took', 'sky', 'uk', 'limited', "'", 's', 'most', 'popular', 'spot', '?'] | Prediction: ['what', 'was', 'the', 'the', '##yon', 'the', 'the', 'the', 'the']
2020-11-19 13:06:10.606 | INFO     | __main__:BertEval:130 - Bacth 57 | Sentence Loss: 151.32652282714844 | Word Loss: 7.206024169921875 | Bleu Score: 0.2148144971833592 | Target: ['how', 'many', 'people', 'does', 'the', 'greater', 'los', 'angel', '##es', 'area', 'have', '?'] | Prediction: ['what', 'was', 'the', 'did', 'the', 'the', 'the', 'the', 'the', '?', '?']
2020-11-19 13:06:16.163 | INFO     | __main__:BertEval:130 - Bacth 86 | Sentence Loss: 138.13418579101562 | Word Loss: 6.906710624694824 | Bleu Score: 0.15708417565382415 | Target: ['what', 'was', 'the', 'percentage', 'of', 'people', 'that', 'voted', 'in', 'favor', 'of', 'the', 'p', '##ico', 'act', 'of', '1859', '?'] | Prediction: ['what', 'was', 'the', 'the', 'the', 'the', 'in', 'the', '?', 'the', '?']
2020-11-19 13:06:21.715 | INFO     | __main__:BertEval:130 - Bacth 115 | Sentence Loss: 76.20335388183594 | Word Loss: 6.096267223358154 | Bleu Score: 0.31227294061680094 | Target: ['in', 'which', 'year', 'did', 'the', 'newspaper', 'define', 'southern', 'ca', '##li', '##fo', '##rn', '##ia', '?'] | Prediction: ['what', 'what', 'the', 'the', 'the', 'the', 'the']
2020-11-19 13:06:27.264 | INFO     | __main__:BertEval:130 - Bacth 144 | Sentence Loss: 180.37342834472656 | Word Loss: 7.362179279327393 | Bleu Score: 0.09371187769901196 | Target: ['what', 'type', 'of', 'landscapes', 'other', 'than', 'geologic', 'and', 'natural', 'ecosystem', 'landscapes', 'can', 'be', 'found', 'in', 'southern', 'ca', '##li', '##fo', '##rn', '##ia', '?'] | Prediction: ['what', 'was', 'did', 'the', 'the', 'of', 'the', 'the', 'the', '?']
2020-11-19 13:06:32.822 | INFO     | __main__:BertEval:130 - Bacth 173 | Sentence Loss: 105.72076416015625 | Word Loss: 7.551482677459717 | Bleu Score: 0.29824508339639816 | Target: ['does', 'b', '##sky', '##b', 'carry', 'any', 'control', 'over', 'the', 'picture', 'quality', 'of', 'a', 'channel', '?'] | Prediction: ['what', 'what', 'of', 'the', 'the', 'the', 'the', 'the', 'the', 'the', '?']
2020-11-19 13:06:38.374 | INFO     | __main__:BertEval:130 - Bacth 202 | Sentence Loss: 60.147911071777344 | Word Loss: 4.811832427978516 | Bleu Score: 0.3065352738001399 | Target: ['what', 'was', 'the', 'name', 'of', 'the', 'count', 'of', 'a', '##pu', '##lia'] | Prediction: ['what', 'was', 'the', 'the', 'of', 'the', 'the']
2020-11-19 13:06:43.914 | INFO     | __main__:BertEval:130 - Bacth 231 | Sentence Loss: 184.56167602539062 | Word Loss: 7.853689193725586 | Bleu Score: 0.06140805104678763 | Target: ['although', 'southern', 'ca', '##li', '##fo', '##rn', '##ia', 'con', '##sts', 'of', 'a', 'heavily', 'developed', 'urban', 'environment', ',', 'how', 'much', 'of', 'it', 'has', 'been', 'left', 'und', '##eveloped', '?'] | Prediction: ['what', 'was', 'the', 'the', 'the', 'the', 'the']
2020-11-19 13:06:49.474 | INFO     | __main__:BertEval:130 - Bacth 260 | Sentence Loss: 99.29790496826172 | Word Loss: 6.848130702972412 | Bleu Score: 0.33064143822571845 | Target: ['generally', 'speaking', ',', 'what', 'size', 'are', 'the', 'earthquakes', 'that', 'hit', 'southern', 'ca', '##li', '##fo', '##rn', '##ia', '?'] | Prediction: ['what', 'was', 'the', 'the', 'did', 'the', 'the', 'the']
2020-11-19 13:06:55.021 | INFO     | __main__:BertEval:130 - Bacth 289 | Sentence Loss: 123.18511199951172 | Word Loss: 7.699070453643799 | Bleu Score: 0.22995891985355088 | Target: ['what', 'service', 'did', 'b', '##sky', '##b', 'ch', '##are', 'additional', 'subscription', 'fees', 'for', '?'] | Prediction: ['what', 'was', 'the', 'the', 'the', 'the', 'the', '##ny', '##e', 'idol', '?']
2020-11-19 13:07:00.252 | INFO     | __main__:<module>:204 - Epoch: 4 completed | Time: 4571.318606376648
2020-11-19 13:07:00.252 | INFO     | __main__:<module>:205 - Train Loss: 5.975748935986841 | Train PPL: 393.7628938883651
2020-11-19 13:07:00.253 | INFO     | __main__:<module>:206 - Val Loss: 6.65017324847144 | Val PPL: 772.9182208365451
2020-11-19 13:14:31.314 | INFO     | __main__:BertTrain:88 - Batch 432 | Sentence Loss 85.45860290527344 | Word Loss 4.8833489418029785
2020-11-19 13:22:02.491 | INFO     | __main__:BertTrain:88 - Batch 865 | Sentence Loss 104.68983459472656 | Word Loss 6.543115615844727
2020-11-19 13:29:33.017 | INFO     | __main__:BertTrain:88 - Batch 1298 | Sentence Loss 102.94719696044922 | Word Loss 7.099806308746338
2020-11-19 13:37:04.804 | INFO     | __main__:BertTrain:88 - Batch 1731 | Sentence Loss 121.4594497680664 | Word Loss 6.565376281738281
2020-11-19 13:44:37.144 | INFO     | __main__:BertTrain:88 - Batch 2164 | Sentence Loss 74.43087768554688 | Word Loss 4.65192985534668
2020-11-19 13:52:09.477 | INFO     | __main__:BertTrain:88 - Batch 2597 | Sentence Loss 79.95184326171875 | Word Loss 5.92235803604126
2020-11-19 13:59:41.745 | INFO     | __main__:BertTrain:88 - Batch 3030 | Sentence Loss 103.49575805664062 | Word Loss 6.677145004272461
2020-11-19 14:07:14.122 | INFO     | __main__:BertTrain:88 - Batch 3463 | Sentence Loss 75.97421264648438 | Word Loss 5.627720355987549
2020-11-19 14:14:52.880 | INFO     | __main__:BertTrain:88 - Batch 3896 | Sentence Loss 136.3669891357422 | Word Loss 6.993178367614746
2020-11-19 14:22:22.383 | INFO     | __main__:BertTrain:88 - Batch 4329 | Sentence Loss 88.76626586914062 | Word Loss 6.575277805328369
2020-11-19 14:22:32.076 | INFO     | __main__:BertEval:130 - Bacth 28 | Sentence Loss: 162.16790771484375 | Word Loss: 7.542694091796875 | Bleu Score: 0.028840030529030072 | Target: ['what', 'method', 'is', 'used', 'to', 'in', '##tu', '##itive', '##ly', 'assess', 'or', 'q', '##uant', '##ify', 'the', 'amount', 'of', 'resources', 'required', 'to', 'solve', 'a', 'computational', 'problem', '?'] | Prediction: ['what', 'was', 'the', 'name', 'of', 'the', 'what']
2020-11-19 14:22:37.611 | INFO     | __main__:BertEval:130 - Bacth 57 | Sentence Loss: 103.40723419189453 | Word Loss: 6.671433925628662 | Bleu Score: 0.2935070416457616 | Target: ['what', 'kind', 'of', 'climate', 'does', 'southern', 'ca', '##li', '##fo', '##rn', '##ia', 'maintain', '?'] | Prediction: ['what', 'was', 'the', 'the', 'of', 'of', 's', '?']
2020-11-19 14:22:43.163 | INFO     | __main__:BertEval:130 - Bacth 86 | Sentence Loss: 101.22700500488281 | Word Loss: 6.53077507019043 | Bleu Score: 0.281044508753011 | Target: ['what', 'is', 'the', 'second', 'busiest', 'airport', 'in', 'the', 'united', 'states', '?'] | Prediction: ['what', 'was', 'the', 'name', 'of', 'of', 's', '?', '?']
2020-11-19 14:22:48.729 | INFO     | __main__:BertEval:130 - Bacth 115 | Sentence Loss: 77.25871276855469 | Word Loss: 6.180698394775391 | Bleu Score: 0.3842055207110934 | Target: ['who', 'was', 'ed', '##ward', 'the', 'confess', '##or', "'", 's', 'half', '-', 'brother', '?'] | Prediction: ['what', 'was', 'the', 'name', 'of', 'the', '##eric', '##an', 's', '?', '?', '?']
2020-11-19 14:22:54.286 | INFO     | __main__:BertEval:130 - Bacth 144 | Sentence Loss: 136.5147705078125 | Word Loss: 6.659256458282471 | Bleu Score: 0.0424812987355279 | Target: ['who', 'did', 'b', '##sky', '##b', 'compete', 'with', 'initially', '?'] | Prediction: ['what', 'was', 'the', 'name', 'of', 's', 'of']
2020-11-19 14:22:59.838 | INFO     | __main__:BertEval:130 - Bacth 173 | Sentence Loss: 65.39810943603516 | Word Loss: 6.228391170501709 | Bleu Score: 0.47018142180027134 | Target: ['what', 'computational', 'problem', 'is', 'commonly', 'associated', 'with', 'prime', 'factor', '##ization', '?'] | Prediction: ['what', 'was', 'of', 'of', 'the', 'of', 'of', '?']
2020-11-19 14:23:05.386 | INFO     | __main__:BertEval:130 - Bacth 202 | Sentence Loss: 92.31661224365234 | Word Loss: 6.366662979125977 | Bleu Score: 0.27798824674649425 | Target: ['when', 'did', 'b', '##sky', '##b', 'first', 'announce', 'their', 'target', 'goal', '?'] | Prediction: ['what', 'did', 'the', '##yon', '##ce', "'", 's', '?', '?']
2020-11-19 14:23:10.937 | INFO     | __main__:BertEval:130 - Bacth 231 | Sentence Loss: 66.0734634399414 | Word Loss: 6.006677627563477 | Bleu Score: 0.4148835364364033 | Target: ['what', 'is', 'one', 'variable', 'on', 'which', 'the', 'running', 'time', 'may', 'be', 'contingent', '?'] | Prediction: ['what', 'was', 'the', 'name', 'of', 'what', '?', 'of', '?']
2020-11-19 14:23:16.490 | INFO     | __main__:BertEval:130 - Bacth 260 | Sentence Loss: 68.2500228881836 | Word Loss: 6.20454740524292 | Bleu Score: 0.4151128178706499 | Target: ['what', 'is', 'one', 'common', 'example', 'of', 'a', 'critical', 'complexity', 'measure', '?'] | Prediction: ['what', 'was', 'the', 'of', 'of', 'of', 's', '##eric', '?']
2020-11-19 14:23:22.047 | INFO     | __main__:BertEval:130 - Bacth 289 | Sentence Loss: 85.5963134765625 | Word Loss: 7.781483173370361 | Bleu Score: 0.3991168727583812 | Target: ['complexity', 'theory', 'class', '##ifies', 'problems', 'based', 'on', 'what', 'primary', 'attribute', '?'] | Prediction: ['what', 'was', 'the', 'of', 'of', 'of', '?', 'what', '?', 'of']
2020-11-19 14:23:26.302 | INFO     | __main__:<module>:204 - Epoch: 5 completed | Time: 4586.049572229385
2020-11-19 14:23:26.303 | INFO     | __main__:<module>:205 - Train Loss: 5.971532564477872 | Train PPL: 392.1061384439649
2020-11-19 14:23:26.303 | INFO     | __main__:<module>:206 - Val Loss: 6.688602296081749 | Val PPL: 803.1988330671367
2020-11-19 14:30:55.667 | INFO     | __main__:BertTrain:88 - Batch 432 | Sentence Loss 69.1040267944336 | Word Loss 5.758669376373291
2020-11-19 14:38:26.515 | INFO     | __main__:BertTrain:88 - Batch 865 | Sentence Loss 79.30179595947266 | Word Loss 5.874207496643066
2020-11-19 14:45:56.435 | INFO     | __main__:BertTrain:88 - Batch 1298 | Sentence Loss 73.05342102050781 | Word Loss 5.61949348449707
2020-11-19 14:53:26.395 | INFO     | __main__:BertTrain:88 - Batch 1731 | Sentence Loss 69.20928955078125 | Word Loss 4.943519592285156
2020-11-19 15:00:58.120 | INFO     | __main__:BertTrain:88 - Batch 2164 | Sentence Loss 107.25981903076172 | Word Loss 6.703738689422607
2020-11-19 15:08:26.180 | INFO     | __main__:BertTrain:88 - Batch 2597 | Sentence Loss 105.63104248046875 | Word Loss 6.2135910987854
2020-11-19 15:15:53.983 | INFO     | __main__:BertTrain:88 - Batch 3030 | Sentence Loss 92.09384155273438 | Word Loss 5.9415388107299805
2020-11-19 15:23:24.532 | INFO     | __main__:BertTrain:88 - Batch 3463 | Sentence Loss 92.8895492553711 | Word Loss 5.160530090332031
2020-11-19 15:30:54.641 | INFO     | __main__:BertTrain:88 - Batch 3896 | Sentence Loss 50.97917175292969 | Word Loss 5.097917079925537
2020-11-19 15:38:28.647 | INFO     | __main__:BertTrain:88 - Batch 4329 | Sentence Loss 110.99575805664062 | Word Loss 6.727015495300293
2020-11-19 15:38:38.389 | INFO     | __main__:BertEval:130 - Bacth 28 | Sentence Loss: 110.72970581054688 | Word Loss: 6.327412128448486 | Bleu Score: 0.17035308582883502 | Target: ['who', 'was', 'the', 'norm', '##ans', "'", 'main', 'enemy', 'in', 'it', '##aly', ',', 'the', 'by', '##zan', '##tine', 'empire', 'and', 'arm', '##enia', '?'] | Prediction: ['what', 'did', 'the', '##yon', 'of', 'the', 's']
2020-11-19 15:38:43.920 | INFO     | __main__:BertEval:130 - Bacth 57 | Sentence Loss: 150.601806640625 | Word Loss: 6.845536708831787 | Bleu Score: 0.14694089749358616 | Target: ['what', 'imp', '##lication', 'can', 'be', 'derived', 'for', 'p', 'and', 'n', '##p', 'if', 'p', 'and', 'co', '-', 'n', '##p', 'are', 'established', 'to', 'be', 'une', '##qua', '##l', '?'] | Prediction: ['what', 'is', 'the', 'the', '##eric', '##yon', 'idol', 'the', '?']
2020-11-19 15:38:49.471 | INFO     | __main__:BertEval:130 - Bacth 86 | Sentence Loss: 116.22703552246094 | Word Loss: 6.641544818878174 | Bleu Score: 0.2847411948172885 | Target: ['how', 'frequent', 'is', 'snow', 'in', 'the', 'southwest', 'of', 'the', 'state', '?'] | Prediction: ['what', 'is', 'the', 'the', '##eric', 'the', '##eric', '##an', 'idol']
2020-11-19 15:38:55.015 | INFO     | __main__:BertEval:130 - Bacth 115 | Sentence Loss: 154.10079956054688 | Word Loss: 6.700033664703369 | Bleu Score: 0.10622781738536327 | Target: ['other', 'than', 'sa', '##n', 'be', '##rna', '##rdi', '##no', ',', 'what', 'is', 'the', 'name', 'of', 'the', 'other', 'city', 'that', 'maintains', 'the', 'districts', 'including', 'university', 'town', '?'] | Prediction: ['what', 'what', 'the', 'of', 'of', '##yon', '##ce']
2020-11-19 15:39:00.573 | INFO     | __main__:BertEval:130 - Bacth 144 | Sentence Loss: 74.16400146484375 | Word Loss: 5.933119297027588 | Bleu Score: 0.1381420018555995 | Target: ['what', 'was', 'the', 'name', 'of', 'b', '##sky', '##b', "'", 's', 'digital', 'service', 'launched', 'under', '?'] | Prediction: ['what', 'is', 'the', '##yon', 'of', 'the', '##eric', '?']
2020-11-19 15:39:06.114 | INFO     | __main__:BertEval:130 - Bacth 173 | Sentence Loss: 51.26438903808594 | Word Loss: 6.408049583435059 | Bleu Score: 0.40064099257625574 | Target: ['what', 'were', 'high', 'court', 'proceedings', 'being', 'held', 'about', '?'] | Prediction: ['what', 'is', 'the', '##yon', 'of', 'the', '##eric', '##an', 'idol']
2020-11-19 15:39:11.661 | INFO     | __main__:BertEval:130 - Bacth 202 | Sentence Loss: 144.2886962890625 | Word Loss: 7.399420261383057 | Bleu Score: 0.13980338196605419 | Target: ['point', 'conception', 'is', 'an', 'example', 'of', 'a', 'landmark', 'among', 'what', 'boundary', 'of', 'southern', 'ca', '##li', '##fo', '##rn', '##ia', '?'] | Prediction: ['what', 'is', 'the', 'the', '##eric', '##an', 'idol']
2020-11-19 15:39:17.221 | INFO     | __main__:BertEval:130 - Bacth 231 | Sentence Loss: 76.21123504638672 | Word Loss: 5.443659782409668 | Bleu Score: 0.28115983961054486 | Target: ['what', 'are', 'the', 'ties', 'that', 'best', 'described', 'what', 'the', '"', 'eight', 'counties', '"', 'are', 'based', 'on', '?'] | Prediction: ['what', 'is', 'the', '##yon', '##ce', 'in', 'in', '?']
2020-11-19 15:39:22.778 | INFO     | __main__:BertEval:130 - Bacth 260 | Sentence Loss: 96.84313201904297 | Word Loss: 6.917365550994873 | Bleu Score: 0.30206915988792055 | Target: ['what', 'practical', 'role', 'does', 'defining', 'the', 'complexity', 'of', 'problems', 'play', 'in', 'everyday', 'computing', '?'] | Prediction: ['what', 'is', 'the', 'did', 'the', '##eric', '##an', 'idol', 'in', 'the', '?', '?']
2020-11-19 15:39:28.326 | INFO     | __main__:BertEval:130 - Bacth 289 | Sentence Loss: 120.54373168945312 | Word Loss: 7.0908074378967285 | Bleu Score: 0.20730342932518692 | Target: ['at', 'which', 'level', 'of', 'education', 'is', 'this', 'sport', 'becoming', 'more', 'popular', '?'] | Prediction: ['what', 'what', 'of', 'the', 'the', 'of', 'the']
2020-11-19 15:39:32.825 | INFO     | __main__:<module>:204 - Epoch: 6 completed | Time: 4566.5215101242065
2020-11-19 15:39:32.826 | INFO     | __main__:<module>:205 - Train Loss: 5.973058224769578 | Train PPL: 392.704815782519
2020-11-19 15:39:32.826 | INFO     | __main__:<module>:206 - Val Loss: 6.641537435956903 | Val PPL: 766.2721822674142
2020-11-19 15:47:02.388 | INFO     | __main__:BertTrain:88 - Batch 432 | Sentence Loss 128.35833740234375 | Word Loss 6.582479000091553
2020-11-19 15:54:33.522 | INFO     | __main__:BertTrain:88 - Batch 865 | Sentence Loss 101.88284301757812 | Word Loss 6.573085784912109
2020-11-19 16:02:02.205 | INFO     | __main__:BertTrain:88 - Batch 1298 | Sentence Loss 80.78759765625 | Word Loss 5.770542621612549
2020-11-19 16:09:35.344 | INFO     | __main__:BertTrain:88 - Batch 1731 | Sentence Loss 54.385345458984375 | Word Loss 5.438534259796143
2020-11-19 16:17:06.550 | INFO     | __main__:BertTrain:88 - Batch 2164 | Sentence Loss 110.89643859863281 | Word Loss 6.523320198059082
2020-11-19 16:24:36.289 | INFO     | __main__:BertTrain:88 - Batch 2597 | Sentence Loss 101.85302734375 | Word Loss 6.172910690307617
2020-11-19 16:32:06.522 | INFO     | __main__:BertTrain:88 - Batch 3030 | Sentence Loss 78.33731079101562 | Word Loss 6.025947570800781
2020-11-19 16:39:39.032 | INFO     | __main__:BertTrain:88 - Batch 3463 | Sentence Loss 75.41270446777344 | Word Loss 6.2843918800354
2020-11-19 16:47:10.160 | INFO     | __main__:BertTrain:88 - Batch 3896 | Sentence Loss 112.54351806640625 | Word Loss 6.82081937789917
2020-11-19 16:54:41.273 | INFO     | __main__:BertTrain:88 - Batch 4329 | Sentence Loss 99.92839813232422 | Word Loss 5.401534557342529
2020-11-19 16:54:50.992 | INFO     | __main__:BertEval:130 - Bacth 28 | Sentence Loss: 157.16043090820312 | Word Loss: 6.833062171936035 | Bleu Score: 0.13821293926753586 | Target: ['in', 'computational', 'complexity', 'theory', ',', 'what', 'is', 'the', 'term', 'given', 'to', 'describe', 'the', 'base', '##line', 'abstract', 'question', 'needing', 'to', 'be', 'solved', '?'] | Prediction: ['how', 'many', 'the', 'did', 'the', 'the', 'in', 'the', 'the', 'in', 'the']
2020-11-19 16:54:56.546 | INFO     | __main__:BertEval:130 - Bacth 57 | Sentence Loss: 162.45843505859375 | Word Loss: 7.736117362976074 | Bleu Score: 0.1839746935250008 | Target: ['although', 'southern', 'ca', '##li', '##fo', '##rn', '##ia', 'con', '##sts', 'of', 'a', 'heavily', 'developed', 'urban', 'environment', ',', 'how', 'much', 'of', 'it', 'has', 'been', 'left', 'und', '##eveloped', '?'] | Prediction: ['how', 'many', 'the', 'the', 'the', 'in', 'in', 'the', 'in', 'in', 'the', '?']
2020-11-19 16:55:02.102 | INFO     | __main__:BertEval:130 - Bacth 86 | Sentence Loss: 140.22787475585938 | Word Loss: 6.840384006500244 | Bleu Score: 0.17194968345630668 | Target: ['what', 'country', 'was', 'under', 'the', 'control', 'of', 'norm', '##an', 'baron', '##s', '?'] | Prediction: ['how', 'many', 'the', 'the', 'the', 'the', 'in', 'the', 'the', 'in', 'the']
2020-11-19 16:55:07.656 | INFO     | __main__:BertEval:130 - Bacth 115 | Sentence Loss: 142.79071044921875 | Word Loss: 7.322601318359375 | Bleu Score: 0.06560693286207955 | Target: ['when', 'did', 'set', '##ant', '##a', 'sports', 'say', 'it', 'would', 'launch', 'as', 'a', 'subscription', 'service', '?'] | Prediction: ['how', 'was', 'the', 'the', 'in', 'in', 'in', 'the', 'the', 'in', 'in', 'the']
2020-11-19 16:55:13.203 | INFO     | __main__:BertEval:130 - Bacth 144 | Sentence Loss: 117.99959564208984 | Word Loss: 6.74283504486084 | Bleu Score: 0.20217014229072572 | Target: ['what', 'kind', 'of', 'region', 'can', 'be', 'found', 'inside', 'the', 'urban', 'area', 'of', 'southern', 'ca', '##li', '##fo', '##rn', '##ia', '?'] | Prediction: ['how', 'many', 'the', 'the', 'in', 'the', '##yon', 'in', 'in', 'the', 'in', 'the', '?']
2020-11-19 16:55:18.755 | INFO     | __main__:BertEval:130 - Bacth 173 | Sentence Loss: 149.40261840820312 | Word Loss: 7.287932395935059 | Bleu Score: 0.16766096249022605 | Target: ['what', 'is', 'the', 'concrete', 'choice', 'typically', 'assumed', 'by', 'most', 'complexity', '-', 'the', '##ore', '##tic', 'theorem', '##s', '?'] | Prediction: ['how', 'is', 'the', 'the', 'in', 'the', 'in', 'the', 'the', 'in', 'the']
2020-11-19 16:55:24.302 | INFO     | __main__:BertEval:130 - Bacth 202 | Sentence Loss: 90.73551940917969 | Word Loss: 6.9796552658081055 | Bleu Score: 0.27386428370940435 | Target: ['which', 'fault', 'can', 'produce', 'a', 'magnitude', 'earthquake', 'of', '8', '.', '0', '?'] | Prediction: ['how', 'is', 'the', 'the', 'the', 'the', 'in', 'in', 'the', 'the', '?']
2020-11-19 16:55:29.854 | INFO     | __main__:BertEval:130 - Bacth 231 | Sentence Loss: 87.601806640625 | Word Loss: 6.73859977722168 | Bleu Score: 0.11440255101692426 | Target: ['sky', 'uk', 'limited', 'is', 'formerly', 'known', 'by', 'what', 'name', '?'] | Prediction: ['how', 'many', 'the', 'the', 'the', 'the', 'in', 'the', 'in']
2020-11-19 16:55:35.412 | INFO     | __main__:BertEval:130 - Bacth 260 | Sentence Loss: 78.62733459472656 | Word Loss: 6.0482563972473145 | Bleu Score: 0.2198413093278534 | Target: ['which', 'airport', 'is', 'home', 'to', 'the', 'busiest', 'single', 'runway', 'in', 'the', 'world', '?'] | Prediction: ['how', 'many', 'the', 'the', 'the', 'the', 'the', 'in', 'the', 'the']
2020-11-19 16:55:40.957 | INFO     | __main__:BertEval:130 - Bacth 289 | Sentence Loss: 103.62467956542969 | Word Loss: 6.095570087432861 | Bleu Score: 0.20375927830576418 | Target: ['what', 'is', 'the', 'name', 'brand', 'of', 'the', 'personal', 'video', 'recorder', 'that', 'b', '##sky', '##b', 'offers', '?'] | Prediction: ['how', 'is', 'the', 'the', 'the', 'in', 'the', 'the', 'in', 'the']
2020-11-19 16:55:45.363 | INFO     | __main__:<module>:204 - Epoch: 7 completed | Time: 4572.536783218384
2020-11-19 16:55:45.363 | INFO     | __main__:<module>:205 - Train Loss: 5.983789589639407 | Train PPL: 396.9417679251966
2020-11-19 16:55:45.364 | INFO     | __main__:<module>:206 - Val Loss: 6.697365219528611 | Val PPL: 810.2681315778785
2020-11-19 17:03:11.127 | INFO     | __main__:BertTrain:88 - Batch 432 | Sentence Loss 108.71414947509766 | Word Loss 7.013815879821777
2020-11-19 17:10:41.489 | INFO     | __main__:BertTrain:88 - Batch 865 | Sentence Loss 59.401405334472656 | Word Loss 5.165339469909668
2020-11-19 17:18:11.484 | INFO     | __main__:BertTrain:88 - Batch 1298 | Sentence Loss 77.44091796875 | Word Loss 4.996188640594482
2020-11-19 17:25:38.383 | INFO     | __main__:BertTrain:88 - Batch 1731 | Sentence Loss 65.09107971191406 | Word Loss 5.660093784332275
2020-11-19 17:33:04.959 | INFO     | __main__:BertTrain:88 - Batch 2164 | Sentence Loss 103.72724914550781 | Word Loss 6.286500453948975
2020-11-19 17:40:36.037 | INFO     | __main__:BertTrain:88 - Batch 2597 | Sentence Loss 110.06661987304688 | Word Loss 6.6707048416137695
2020-11-19 17:48:01.757 | INFO     | __main__:BertTrain:88 - Batch 3030 | Sentence Loss 96.81877136230469 | Word Loss 6.246372222900391
2020-11-19 17:55:25.448 | INFO     | __main__:BertTrain:88 - Batch 3463 | Sentence Loss 71.26222229003906 | Word Loss 5.700977325439453
2020-11-19 18:02:50.062 | INFO     | __main__:BertTrain:88 - Batch 3896 | Sentence Loss 96.37947082519531 | Word Loss 5.354414939880371
2020-11-19 18:10:19.508 | INFO     | __main__:BertTrain:88 - Batch 4329 | Sentence Loss 91.40191650390625 | Word Loss 6.303580284118652
2020-11-19 18:10:29.306 | INFO     | __main__:BertEval:130 - Bacth 28 | Sentence Loss: 201.87269592285156 | Word Loss: 7.209739685058594 | Bleu Score: 0.08712898204352684 | Target: ['when', 'did', 'the', 'en', '##gli', '##sh', 'high', 'court', 'find', 'micro', '##so', '##ft', "'", 's', 'use', 'of', 'the', 'term', '"', 'sky', '##dr', '##ive', '"', 'in', '##f', '##ring', '##ed', 'on', 'sky', "'", 's', 'right', '?'] | Prediction: ['what', 'is', 'the', 'of', 'of', 'the', 'of', 'of', 'the']
2020-11-19 18:10:34.855 | INFO     | __main__:BertEval:130 - Bacth 57 | Sentence Loss: 118.6557388305664 | Word Loss: 7.191256523132324 | Bleu Score: 0.2575929130266915 | Target: ['what', 'does', 'a', 't', '##uring', 'machine', 'handle', 'on', 'a', 'strip', 'of', 'tape', '?'] | Prediction: ['what', 'is', 'the', 'of', 'of', 'the', 'of', 'of', 'the', '?']
2020-11-19 18:10:40.394 | INFO     | __main__:BertEval:130 - Bacth 86 | Sentence Loss: 94.53780364990234 | Word Loss: 6.7527008056640625 | Bleu Score: 0.0735340068493798 | Target: ['who', 'has', 'design', 'authority', 'over', 'all', 'of', 'the', 'digital', 'satellite', 'receivers', 'that', 'are', 'capable', 'of', 'using', 'their', 'service', '?'] | Prediction: ['what', 'was', 'the', 'of', 'the', 'of', 'of', 'the', '?', 'of']
2020-11-19 18:10:45.913 | INFO     | __main__:BertEval:130 - Bacth 115 | Sentence Loss: 134.283203125 | Word Loss: 7.258550643920898 | Bleu Score: 0.1962528804484223 | Target: ['what', 'two', 'resources', 'commonly', 'consumed', 'by', 'alternate', 'models', 'are', 'typically', 'known', 'to', 'vary', '?'] | Prediction: ['what', 'is', 'of', 'of', 'the', 'of', 'the', 'of', 'the', '?']
2020-11-19 18:10:51.445 | INFO     | __main__:BertEval:130 - Bacth 144 | Sentence Loss: 90.75181579589844 | Word Loss: 4.905503749847412 | Bleu Score: 0.21662041072452232 | Target: ['what', 'is', 'the', 'only', 'district', 'in', 'the', 'c', '##b', '##d', 'to', 'not', 'have', '"', 'downtown', '"', 'in', 'it', "'", 's', 'name', '?'] | Prediction: ['what', 'is', 'the', 'of', 'of', 'the', 'of', 'of', 'of', '?', '?']
2020-11-19 18:10:56.978 | INFO     | __main__:BertEval:130 - Bacth 173 | Sentence Loss: 85.85600280761719 | Word Loss: 6.604308605194092 | Bleu Score: 0.29428447127637847 | Target: ['which', 'mountain', 'range', 'influenced', 'the', 'split', 'of', 'the', 'regions', '?'] | Prediction: ['what', 'does', 'of', 'the', 'of', 'of', 'the', 'the', '?', 'of']
2020-11-19 18:11:02.511 | INFO     | __main__:BertEval:130 - Bacth 202 | Sentence Loss: 131.22885131835938 | Word Loss: 7.093450546264648 | Bleu Score: 0.21209719400248178 | Target: ['what', 'was', 'the', 'uk', 'governments', 'benefits', 'age', '##nch', '##y', 'checking', 'in', '2012', '?'] | Prediction: ['what', 'is', 'the', 'of', 'of', 'of', 'the', 'of', 'of']
2020-11-19 18:11:08.035 | INFO     | __main__:BertEval:130 - Bacth 231 | Sentence Loss: 100.49317932128906 | Word Loss: 5.91136360168457 | Bleu Score: 0.1832108553390389 | Target: ['what', 'is', 'the', 'name', 'of', 'the', 'alphabet', 'is', 'most', 'commonly', 'used', 'in', 'a', 'problem', 'instance', '?'] | Prediction: ['what', 'is', 'the', 'of', 'of', 'the', 'the', 'of', 'the']
2020-11-19 18:11:13.560 | INFO     | __main__:BertEval:130 - Bacth 260 | Sentence Loss: 121.55657196044922 | Word Loss: 7.367064476013184 | Bleu Score: 0.22767388913978354 | Target: ['what', 'did', 'virgin', 'media', 'claim', 'b', '##sky', '##b', 'did', 'that', 'resulted', 'virgin', 'not', 'carrying', 'the', 'channels', 'anymore', '?'] | Prediction: ['what', 'is', 'the', 'of', 'of', 'of', '##ny', '##e', '?', 'the']
2020-11-19 18:11:19.090 | INFO     | __main__:BertEval:130 - Bacth 289 | Sentence Loss: 144.495849609375 | Word Loss: 6.880755424499512 | Bleu Score: 0.2155052267376637 | Target: ['despite', 'the', 'pre', '##sburg', '##er', 'problem', ',', 'and', 'in', 'view', 'of', 'in', '##tract', '##ability', ',', 'what', 'has', 'been', 'done', 'to', 'establish', 'solutions', 'in', 'reasonable', 'periods', 'of', 'time', '?'] | Prediction: ['what', 'does', 'the', 'of', 'of', 'of', 'the', '?', 'of', '?', '?', '?']
2020-11-19 18:11:23.613 | INFO     | __main__:<module>:204 - Epoch: 8 completed | Time: 4538.249321937561
2020-11-19 18:11:23.614 | INFO     | __main__:<module>:205 - Train Loss: 5.976092373384107 | Train PPL: 393.8981500164589
2020-11-19 18:11:23.614 | INFO     | __main__:<module>:206 - Val Loss: 6.6198706900751265 | Val PPL: 749.8481280373826
2020-11-19 18:18:51.153 | INFO     | __main__:BertTrain:88 - Batch 432 | Sentence Loss 57.91374969482422 | Word Loss 4.289907455444336
2020-11-19 18:26:16.988 | INFO     | __main__:BertTrain:88 - Batch 865 | Sentence Loss 62.164466857910156 | Word Loss 4.9731574058532715
2020-11-19 18:33:42.227 | INFO     | __main__:BertTrain:88 - Batch 1298 | Sentence Loss 69.69442749023438 | Word Loss 5.361109733581543
2020-11-19 18:41:07.223 | INFO     | __main__:BertTrain:88 - Batch 1731 | Sentence Loss 81.57536315917969 | Word Loss 6.042618751525879
2020-11-19 18:48:35.037 | INFO     | __main__:BertTrain:88 - Batch 2164 | Sentence Loss 107.85556030273438 | Word Loss 6.536700248718262
2020-11-19 18:56:03.426 | INFO     | __main__:BertTrain:88 - Batch 2597 | Sentence Loss 118.86961364746094 | Word Loss 6.425384998321533
2020-11-19 19:03:29.238 | INFO     | __main__:BertTrain:88 - Batch 3030 | Sentence Loss 168.99639892578125 | Word Loss 6.499861717224121
2020-11-19 19:10:57.905 | INFO     | __main__:BertTrain:88 - Batch 3463 | Sentence Loss 107.43595886230469 | Word Loss 6.511270046234131
2020-11-19 19:18:25.115 | INFO     | __main__:BertTrain:88 - Batch 3896 | Sentence Loss 60.417198181152344 | Word Loss 5.492471694946289
2020-11-19 19:25:51.861 | INFO     | __main__:BertTrain:88 - Batch 4329 | Sentence Loss 75.91567993164062 | Word Loss 5.623383522033691
2020-11-19 19:26:01.573 | INFO     | __main__:BertEval:130 - Bacth 28 | Sentence Loss: 95.3182144165039 | Word Loss: 6.573669910430908 | Bleu Score: 0.061682992246209815 | Target: ['what', 'lies', 'between', 'l', 'and', 'p', 'that', 'prevents', 'a', 'definitive', 'determination', 'of', 'the', 'relationship', 'between', 'l', 'and', 'p', '?'] | Prediction: ['what', 'is', 'the', 'name', 'of', 'the', '?', '?']
2020-11-19 19:26:07.089 | INFO     | __main__:BertEval:130 - Bacth 57 | Sentence Loss: 54.282554626464844 | Word Loss: 6.031394958496094 | Bleu Score: 0.4587514722728122 | Target: ['what', 'kind', 'of', 'economy', 'does', 'v', '##ict', '##oria', 'have', '?'] | Prediction: ['what', 'is', 'the', 'the', 'of', 'the']
2020-11-19 19:26:12.626 | INFO     | __main__:BertEval:130 - Bacth 86 | Sentence Loss: 81.92727661132812 | Word Loss: 6.827273845672607 | Bleu Score: 0.32934413469804924 | Target: ['what', 'is', 'the', 'smallest', 'geographical', 'region', 'discussed', '?'] | Prediction: ['what', 'is', 'the', 'name', 'of', 'of', 'the']
2020-11-19 19:26:18.156 | INFO     | __main__:BertEval:130 - Bacth 115 | Sentence Loss: 130.83473205566406 | Word Loss: 7.476271152496338 | Bleu Score: 0.033281289424010874 | Target: ['whose', 'thesis', 'states', 'that', 'the', 'solution', 'to', 'a', 'problem', 'is', 'so', '##l', '##vable', 'with', 'reasonable', 'resources', 'assuming', 'it', 'allows', 'for', 'a', 'polynomial', 'time', 'algorithm', '?'] | Prediction: ['what', 'is', 'of', 'of', 'the', 'of', 'of', 'the']
2020-11-19 19:26:23.682 | INFO     | __main__:BertEval:130 - Bacth 144 | Sentence Loss: 104.91548156738281 | Word Loss: 6.557217597961426 | Bleu Score: 0.20827877676676967 | Target: ['in', 'what', 'year', 'did', 'ed', '##mond', "'", 's', 'character', '##ize', 'a', '"', 'good', '"', 'algorithm', '?'] | Prediction: ['what', 'what', 'of', 'the', 'the', 'of', 'of', 'the', '?', '?']
2020-11-19 19:26:29.212 | INFO     | __main__:BertEval:130 - Bacth 173 | Sentence Loss: 96.17962646484375 | Word Loss: 6.205136299133301 | Bleu Score: 0.19399130144154914 | Target: ['who', 'were', 'the', 'two', 'abbot', '##s', 'at', 'f', '##eca', '##mp', 'abbey', '?'] | Prediction: ['what', 'is', 'the', 'name', 'of', 'the']
2020-11-19 19:26:34.749 | INFO     | __main__:BertEval:130 - Bacth 202 | Sentence Loss: 109.38543701171875 | Word Loss: 6.434437274932861 | Bleu Score: 0.28680186963929977 | Target: ['how', 'many', 'homes', 'had', 'b', '##sky', '##b', "'", 's', 'direct', '-', 'to', '-', 'home', 'satellite', 'service', 'available', 'to', 'them', 'in', '2010', '?'] | Prediction: ['what', 'is', 'the', 'name', 'of', 'the', '?', '?', 'the']
2020-11-19 19:26:40.282 | INFO     | __main__:BertEval:130 - Bacth 231 | Sentence Loss: 144.129150390625 | Word Loss: 6.551324367523193 | Bleu Score: 0.09585531729231093 | Target: ['what', 'is', 'the', 'position', 'of', 'the', 'satellite', 'that', 'allowed', 'sky', 'to', 'broadcast', 'channels', 'almost', 'el', '##clusive', '##ly', 'for', 'the', 'united', 'kingdom', '?'] | Prediction: ['what', 'is', 'the', 'name', 'of', 'the', '?', 'of']
2020-11-19 19:26:45.835 | INFO     | __main__:BertEval:130 - Bacth 260 | Sentence Loss: 59.7161865234375 | Word Loss: 5.687254905700684 | Bleu Score: 0.18364603332595317 | Target: ['how', 'many', 'extended', 'metropolitan', 'areas', 'are', 'there', '?'] | Prediction: ['what', 'is', 'the', 'of', 'the', 'of', 'the']
2020-11-19 19:26:51.361 | INFO     | __main__:BertEval:130 - Bacth 289 | Sentence Loss: 128.13015747070312 | Word Loss: 6.743691921234131 | Bleu Score: 0.19898313708054838 | Target: ['what', 'is', 'the', 'world', "'", 's', 'busiest', 'general', 'aviation', 'airport', '?'] | Prediction: ['what', 'is', 'the', 'name', 'of', 'the', '?', 'of', '?', '?']
2020-11-19 19:26:55.824 | INFO     | __main__:<module>:204 - Epoch: 9 completed | Time: 4532.209436655045
2020-11-19 19:26:55.824 | INFO     | __main__:<module>:205 - Train Loss: 5.966876270257222 | Train PPL: 390.28462094937527
2020-11-19 19:26:55.824 | INFO     | __main__:<module>:206 - Val Loss: 6.616421353172612 | Val PPL: 747.266104911946
